@!@!@STARTMSG 2262:0 @!@!@
TLC2 Version 2.18 of Day Month 20?? (rev: 72c23c9)
@!@!@ENDMSG 2262 @!@!@
@!@!@STARTMSG 2187:0 @!@!@
Running breadth-first search Model-Checking with fp 82 and seed 8153072439062339980 with 1 worker on 8 cores with 3641MB heap and 64MB offheap memory [pid: 56863] (Mac OS X 13.5.2 aarch64, Azul Systems, Inc. 17.0.11 x86_64, MSBDiskFPSet, DiskStateQueue).
@!@!@ENDMSG 2187 @!@!@
@!@!@STARTMSG 2220:0 @!@!@
Starting SANY...
@!@!@ENDMSG 2220 @!@!@
Parsing file /Users/lee/Documents/golangProjects/orchestrator/orchestrator.tla
Parsing file /private/var/folders/8j/w_305krj48d4rtmyd2m3nkxh0000gn/T/tlc-16280618626040382301/TLC.tla (jar:file:/Users/lee/.vscode/extensions/alygin.vscode-tlaplus-nightly-2024.5.1506/tools/tla2tools.jar!/tla2sany/StandardModules/TLC.tla)
Parsing file /private/var/folders/8j/w_305krj48d4rtmyd2m3nkxh0000gn/T/tlc-16280618626040382301/Naturals.tla (jar:file:/Users/lee/.vscode/extensions/alygin.vscode-tlaplus-nightly-2024.5.1506/tools/tla2tools.jar!/tla2sany/StandardModules/Naturals.tla)
Parsing file /private/var/folders/8j/w_305krj48d4rtmyd2m3nkxh0000gn/T/tlc-16280618626040382301/Integers.tla (jar:file:/Users/lee/.vscode/extensions/alygin.vscode-tlaplus-nightly-2024.5.1506/tools/tla2tools.jar!/tla2sany/StandardModules/Integers.tla)
Parsing file /private/var/folders/8j/w_305krj48d4rtmyd2m3nkxh0000gn/T/tlc-16280618626040382301/Sequences.tla (jar:file:/Users/lee/.vscode/extensions/alygin.vscode-tlaplus-nightly-2024.5.1506/tools/tla2tools.jar!/tla2sany/StandardModules/Sequences.tla)
Parsing file /private/var/folders/8j/w_305krj48d4rtmyd2m3nkxh0000gn/T/tlc-16280618626040382301/FiniteSets.tla (jar:file:/Users/lee/.vscode/extensions/alygin.vscode-tlaplus-nightly-2024.5.1506/tools/tla2tools.jar!/tla2sany/StandardModules/FiniteSets.tla)
Semantic processing of module Naturals
Semantic processing of module Sequences
Semantic processing of module FiniteSets
Semantic processing of module TLC
Semantic processing of module Integers
Semantic processing of module orchestrator
@!@!@STARTMSG 2219:0 @!@!@
SANY finished.
@!@!@ENDMSG 2219 @!@!@
@!@!@STARTMSG 2185:0 @!@!@
Starting... (2024-05-15 22:42:27)
@!@!@ENDMSG 2185 @!@!@
@!@!@STARTMSG 2189:0 @!@!@
Computing initial states...
@!@!@ENDMSG 2189 @!@!@
@!@!@STARTMSG 2102:1 @!@!@
Attempted to compute the number of elements in the string "m".
While working on the initial state:
/\ mState = [m \in "m" |-> <expression line 93, col 40 to line 93, col 46 of module orchestrator>]
/\ msgs = {}
/\ wState = ("w1, w2" :> "waiting")
/\ queues = ({"w1, w2"} \cup "m" \cup "c" :> <<>>)
/\ cState = [c \in "c" |-> <expression line 94, col 40 to line 94, col 45 of module orchestrator>]
/\ msg = [self \in "c" |-> <expression line 99, col 40 to line 99, col 43 of module orchestrator>]
/\ pc = [self \in {"w1, w2"} \cup "c" \cup "m" |-> <expression line 100, col 39 to line 102, col 90 of module orchestrator>]
/\ workQueue = ("w1, w2" :> <<>>)

@!@!@ENDMSG 2102 @!@!@
@!@!@STARTMSG 2103:1 @!@!@
The error occurred when TLC was evaluating the nested
expressions at the following positions:
0. Line 91, column 9 to line 102, column 91 in orchestrator
1. Line 91, column 12 to line 91, column 20 in orchestrator
2. Line 92, column 12 to line 92, column 49 in orchestrator
3. Line 93, column 12 to line 93, column 47 in orchestrator
4. Line 94, column 12 to line 94, column 46 in orchestrator
5. Line 95, column 12 to line 95, column 43 in orchestrator
6. Line 97, column 12 to line 97, column 50 in orchestrator
7. Line 99, column 12 to line 99, column 44 in orchestrator
8. Line 100, column 12 to line 102, column 91 in orchestrator


@!@!@ENDMSG 2103 @!@!@
@!@!@STARTMSG 2201:0 @!@!@
The coverage statistics at 2024-05-15 22:42:27
@!@!@ENDMSG 2201 @!@!@
@!@!@STARTMSG 2773:0 @!@!@
<Init line 90, col 1 to line 90, col 4 of module orchestrator>: 2:2
@!@!@ENDMSG 2773 @!@!@
@!@!@STARTMSG 2221:0 @!@!@
  line 91, col 12 to line 91, col 20 of module orchestrator: 2
@!@!@ENDMSG 2221 @!@!@
@!@!@STARTMSG 2775:0 @!@!@
  line 92, col 21 to line 92, col 49 of module orchestrator: 2:2
@!@!@ENDMSG 2775 @!@!@
@!@!@STARTMSG 2221:0 @!@!@
  |line 92, col 28 to line 92, col 34 of module orchestrator: 2
@!@!@ENDMSG 2221 @!@!@
@!@!@STARTMSG 2221:0 @!@!@
  line 93, col 12 to line 93, col 47 of module orchestrator: 2
@!@!@ENDMSG 2221 @!@!@
@!@!@STARTMSG 2221:0 @!@!@
  line 94, col 12 to line 94, col 46 of module orchestrator: 2
@!@!@ENDMSG 2221 @!@!@
@!@!@STARTMSG 2775:0 @!@!@
  line 95, col 21 to line 95, col 43 of module orchestrator: 2:2
@!@!@ENDMSG 2775 @!@!@
@!@!@STARTMSG 2221:0 @!@!@
  |line 95, col 28 to line 95, col 33 of module orchestrator: 2
@!@!@ENDMSG 2221 @!@!@
@!@!@STARTMSG 2775:0 @!@!@
  line 97, col 24 to line 97, col 50 of module orchestrator: 2:2
@!@!@ENDMSG 2775 @!@!@
@!@!@STARTMSG 2221:0 @!@!@
  |line 97, col 34 to line 97, col 40 of module orchestrator: 2
@!@!@ENDMSG 2221 @!@!@
@!@!@STARTMSG 2221:0 @!@!@
  line 99, col 12 to line 99, col 44 of module orchestrator: 2
@!@!@ENDMSG 2221 @!@!@
@!@!@STARTMSG 2221:0 @!@!@
  line 100, col 12 to line 102, col 91 of module orchestrator: 2
@!@!@ENDMSG 2221 @!@!@
@!@!@STARTMSG 2772:0 @!@!@
<WaitForWork line 104, col 1 to line 104, col 17 of module orchestrator>: 0:0
@!@!@ENDMSG 2772 @!@!@
@!@!@STARTMSG 2221:0 @!@!@
  line 106, col 25 to line 106, col 65 of module orchestrator: 0
@!@!@ENDMSG 2221 @!@!@
@!@!@STARTMSG 2221:0 @!@!@
  line 107, col 25 to line 108, col 54 of module orchestrator: 0
@!@!@ENDMSG 2221 @!@!@
@!@!@STARTMSG 2772:0 @!@!@
<PerformWork line 110, col 1 to line 110, col 17 of module orchestrator>: 0:0
@!@!@ENDMSG 2772 @!@!@
@!@!@STARTMSG 2221:0 @!@!@
  line 112, col 25 to line 112, col 58 of module orchestrator: 0
@!@!@ENDMSG 2221 @!@!@
@!@!@STARTMSG 2221:0 @!@!@
  line 113, col 25 to line 114, col 54 of module orchestrator: 0
@!@!@ENDMSG 2221 @!@!@
@!@!@STARTMSG 2772:0 @!@!@
<Terminating line 170, col 1 to line 170, col 11 of module orchestrator>: 0:0
@!@!@ENDMSG 2772 @!@!@
@!@!@STARTMSG 2221:0 @!@!@
  line 171, col 19 to line 171, col 32 of module orchestrator: 0
@!@!@ENDMSG 2221 @!@!@
@!@!@STARTMSG 2772:0 @!@!@
<Next line 173, col 1 to line 173, col 4 of module orchestrator (174 16 174 48)>: 0:0
@!@!@ENDMSG 2772 @!@!@
@!@!@STARTMSG 2221:0 @!@!@
  line 121, col 44 to line 121, col 117 of module orchestrator: 0
@!@!@ENDMSG 2221 @!@!@
@!@!@STARTMSG 2221:0 @!@!@
  line 123, col 42 to line 123, col 57 of module orchestrator: 0
@!@!@ENDMSG 2221 @!@!@
@!@!@STARTMSG 2221:0 @!@!@
  line 124, col 31 to line 124, col 77 of module orchestrator: 0
@!@!@ENDMSG 2221 @!@!@
@!@!@STARTMSG 2221:0 @!@!@
  line 125, col 31 to line 126, col 60 of module orchestrator: 0
@!@!@ENDMSG 2221 @!@!@
@!@!@STARTMSG 2221:0 @!@!@
  line 133, col 44 to line 133, col 91 of module orchestrator: 0
@!@!@ENDMSG 2221 @!@!@
@!@!@STARTMSG 2221:0 @!@!@
  line 134, col 44 to line 134, col 71 of module orchestrator: 0
@!@!@ENDMSG 2221 @!@!@
@!@!@STARTMSG 2221:0 @!@!@
  line 135, col 44 to line 135, col 77 of module orchestrator: 0
@!@!@ENDMSG 2221 @!@!@
@!@!@STARTMSG 2221:0 @!@!@
  line 136, col 44 to line 136, col 90 of module orchestrator: 0
@!@!@ENDMSG 2221 @!@!@
@!@!@STARTMSG 2221:0 @!@!@
  line 137, col 44 to line 137, col 70 of module orchestrator: 0
@!@!@ENDMSG 2221 @!@!@
@!@!@STARTMSG 2221:0 @!@!@
  line 138, col 31 to line 139, col 55 of module orchestrator: 0
@!@!@ENDMSG 2221 @!@!@
@!@!@STARTMSG 2772:0 @!@!@
<Next line 173, col 1 to line 173, col 4 of module orchestrator (175 16 175 49)>: 0:0
@!@!@ENDMSG 2772 @!@!@
@!@!@STARTMSG 2221:0 @!@!@
  line 146, col 52 to line 146, col 127 of module orchestrator: 0
@!@!@ENDMSG 2221 @!@!@
@!@!@STARTMSG 2221:0 @!@!@
  line 148, col 50 to line 148, col 65 of module orchestrator: 0
@!@!@ENDMSG 2221 @!@!@
@!@!@STARTMSG 2221:0 @!@!@
  line 149, col 39 to line 149, col 89 of module orchestrator: 0
@!@!@ENDMSG 2221 @!@!@
@!@!@STARTMSG 2221:0 @!@!@
  line 150, col 39 to line 151, col 76 of module orchestrator: 0
@!@!@ENDMSG 2221 @!@!@
@!@!@STARTMSG 2221:0 @!@!@
  line 155, col 35 to line 155, col 80 of module orchestrator: 0
@!@!@ENDMSG 2221 @!@!@
@!@!@STARTMSG 2221:0 @!@!@
  line 156, col 35 to line 157, col 72 of module orchestrator: 0
@!@!@ENDMSG 2221 @!@!@
@!@!@STARTMSG 2221:0 @!@!@
  line 161, col 30 to line 161, col 63 of module orchestrator: 0
@!@!@ENDMSG 2221 @!@!@
@!@!@STARTMSG 2221:0 @!@!@
  line 162, col 30 to line 163, col 59 of module orchestrator: 0
@!@!@ENDMSG 2221 @!@!@
@!@!@STARTMSG 2774:0 @!@!@
<TypeOK line 185, col 1 to line 185, col 6 of module orchestrator>
@!@!@ENDMSG 2774 @!@!@
@!@!@STARTMSG 2202:0 @!@!@
End of statistics.
@!@!@ENDMSG 2202 @!@!@
@!@!@STARTMSG 2200:0 @!@!@
Progress(1) at 2024-05-15 22:42:27: 1 states generated (157 s/min), 0 distinct states found (0 ds/min), 0 states left on queue.
@!@!@ENDMSG 2200 @!@!@
@!@!@STARTMSG 2199:0 @!@!@
1 states generated, 0 distinct states found, 0 states left on queue.
@!@!@ENDMSG 2199 @!@!@
@!@!@STARTMSG 2194:0 @!@!@
The depth of the complete state graph search is 1.
@!@!@ENDMSG 2194 @!@!@
@!@!@STARTMSG 2186:0 @!@!@
Finished in 383ms at (2024-05-15 22:42:27)
@!@!@ENDMSG 2186 @!@!@
